Using pre-set license
Built from '2020.3/staging' branch; Version is '2020.3.23f1 (c5d91304a876) revision 12966163'; Using compiler version '192528614'; Build Type 'Release'
OS: 'Windows 10 Pro; OS build 19043.1415; Version 2009; 64bit' Language: 'ru' Physical Memory: 8174 MB
BatchMode: 1, IsHumanControllingUs: 0, StartBugReporterOnCrash: 0, Is64bit: 1, IsPro: 0

COMMAND LINE ARGUMENTS:
C:\Program Files\Unity\Hub\Editor\2020.3.23f1\Editor\Unity.exe
-adb2
-batchMode
-noUpm
-name
AssetImportWorker2
-projectPath
F:/UnityProjects/Ritual Escape/Ritual Escape
-logFile
Logs/AssetImportWorker2.log
-srvPort
53392
Successfully changed project path to: F:/UnityProjects/Ritual Escape/Ritual Escape
F:/UnityProjects/Ritual Escape/Ritual Escape
Using Asset Import Pipeline V2.
Refreshing native plugins compatible for Editor in 227.70 ms, found 2 plugins.
Preloading 0 native plugins for Editor in 0.00 ms.
Initialize engine version: 2020.3.23f1 (c5d91304a876)
[Subsystems] Discovering subsystems at path C:/Program Files/Unity/Hub/Editor/2020.3.23f1/Editor/Data/Resources/UnitySubsystems
[Subsystems] Discovering subsystems at path F:/UnityProjects/Ritual Escape/Ritual Escape/Assets
GfxDevice: creating device client; threaded=0
Direct3D:
    Version:  Direct3D 11.0 [level 11.1]
    Renderer: NVIDIA GeForce GTX 1060 3GB (ID=0x1c02)
    Vendor:   
    VRAM:     2988 MB
    Driver:   27.21.14.5671
Initialize mono
Mono path[0] = 'C:/Program Files/Unity/Hub/Editor/2020.3.23f1/Editor/Data/Managed'
Mono path[1] = 'C:/Program Files/Unity/Hub/Editor/2020.3.23f1/Editor/Data/MonoBleedingEdge/lib/mono/unityjit'
Mono config path = 'C:/Program Files/Unity/Hub/Editor/2020.3.23f1/Editor/Data/MonoBleedingEdge/etc'
Using monoOptions --debugger-agent=transport=dt_socket,embedding=1,server=y,suspend=n,address=127.0.0.1:56412
Begin MonoManager ReloadAssembly
Registering precompiled unity dll's ...
Register platform support module: C:/Program Files/Unity/Hub/Editor/2020.3.23f1/Editor/Data/PlaybackEngines/WindowsStandaloneSupport/UnityEditor.WindowsStandalone.Extensions.dll
Registered in 0.004373 seconds.
Native extension for WindowsStandalone target not found
Refreshing native plugins compatible for Editor in 201.06 ms, found 2 plugins.
Preloading 0 native plugins for Editor in 0.00 ms.
Mono: successfully reloaded assembly
- Completed reload, in  1.434 seconds
Domain Reload Profiling:
	ReloadAssembly (1434ms)
		BeginReloadAssembly (126ms)
			ExecutionOrderSort (0ms)
			DisableScriptedObjects (0ms)
			BackupInstance (0ms)
			ReleaseScriptingObjects (0ms)
			CreateAndSetChildDomain (1ms)
		EndReloadAssembly (1118ms)
			LoadAssemblies (121ms)
			RebuildTransferFunctionScriptingTraits (0ms)
			SetupTypeCache (408ms)
			ReleaseScriptCaches (0ms)
			RebuildScriptCaches (68ms)
			SetupLoadedEditorAssemblies (446ms)
				LogAssemblyErrors (0ms)
				InitializePlatformSupportModulesInManaged (8ms)
				SetLoadedEditorAssemblies (1ms)
				RefreshPlugins (201ms)
				BeforeProcessingInitializeOnLoad (29ms)
				ProcessInitializeOnLoadAttributes (156ms)
				ProcessInitializeOnLoadMethodAttributes (49ms)
				AfterProcessingInitializeOnLoad (0ms)
				EditorAssembliesLoaded (0ms)
			ExecutionOrderSort2 (0ms)
			AwakeInstancesAfterBackupRestoration (0ms)
Platform modules already initialized, skipping
Registering precompiled user dll's ...
Registered in 0.011936 seconds.
Begin MonoManager ReloadAssembly
Native extension for WindowsStandalone target not found
Refreshing native plugins compatible for Editor in 258.10 ms, found 2 plugins.
Preloading 0 native plugins for Editor in 0.00 ms.
HDRP Internally changed the storage of Cube Cookie to use Octahedral Projection inside the 2D Cookie Atlas. It is recommended that you increase the size of the 2D Cookie Atlas if your cookies no longer fit.
UnityEngine.StackTraceUtility:ExtractStackTrace ()
UnityEngine.DebugLogHandler:LogFormat (UnityEngine.LogType,UnityEngine.Object,string,object[])
UnityEngine.Logger:Log (UnityEngine.LogType,object)
UnityEngine.Debug:Log (object)
UnityEngine.Rendering.HighDefinition.HDRenderPipelineAsset/<>c:<.cctor>b__112_12 (UnityEngine.Rendering.HighDefinition.HDRenderPipelineAsset) (at Library/PackageCache/com.unity.render-pipelines.high-definition@10.7.0/Runtime/RenderPipeline/HDRenderPipelineAsset.Migration.cs:126)
UnityEngine.Rendering.HighDefinition.MigrationStep`2<UnityEngine.Rendering.HighDefinition.HDRenderPipelineAsset/Version, UnityEngine.Rendering.HighDefinition.HDRenderPipelineAsset>:Migrate (UnityEngine.Rendering.HighDefinition.HDRenderPipelineAsset) (at Library/PackageCache/com.unity.render-pipelines.high-definition@10.7.0/Runtime/Core/Migration/MigrationStep.cs:52)
UnityEngine.Rendering.HighDefinition.MigrationDescription`2<UnityEngine.Rendering.HighDefinition.HDRenderPipelineAsset/Version, UnityEngine.Rendering.HighDefinition.HDRenderPipelineAsset>:Migrate (UnityEngine.Rendering.HighDefinition.HDRenderPipelineAsset) (at Library/PackageCache/com.unity.render-pipelines.high-definition@10.7.0/Runtime/Core/Migration/MigrationDescription.cs:101)
UnityEngine.Rendering.HighDefinition.HDRenderPipelineAsset:OnEnable () (at Library/PackageCache/com.unity.render-pipelines.high-definition@10.7.0/Runtime/RenderPipeline/HDRenderPipelineAsset.Migration.cs:146)
UnityEngine.Rendering.GraphicsSettings:get_currentRenderPipeline ()
UnityEditor.Rendering.HighDefinition.HDBakedReflectionSystem:Initialize () (at Library/PackageCache/com.unity.render-pipelines.high-definition@10.7.0/Editor/Lighting/Reflection/HDBakedReflectionSystem.cs:42)
System.Reflection.MonoMethod:Invoke (object,System.Reflection.BindingFlags,System.Reflection.Binder,object[],System.Globalization.CultureInfo)
System.Reflection.MethodBase:Invoke (object,object[])
UnityEditor.EditorAssemblies:ProcessInitializeOnLoadMethodAttributes ()

(Filename: Library/PackageCache/com.unity.render-pipelines.high-definition@10.7.0/Runtime/RenderPipeline/HDRenderPipelineAsset.Migration.cs Line: 126)

Mono: successfully reloaded assembly
- Completed reload, in  3.800 seconds
Domain Reload Profiling:
	ReloadAssembly (3802ms)
		BeginReloadAssembly (317ms)
			ExecutionOrderSort (0ms)
			DisableScriptedObjects (11ms)
			BackupInstance (0ms)
			ReleaseScriptingObjects (0ms)
			CreateAndSetChildDomain (38ms)
		EndReloadAssembly (3331ms)
			LoadAssemblies (223ms)
			RebuildTransferFunctionScriptingTraits (0ms)
			SetupTypeCache (1008ms)
			ReleaseScriptCaches (2ms)
			RebuildScriptCaches (222ms)
			SetupLoadedEditorAssemblies (1574ms)
				LogAssemblyErrors (0ms)
				InitializePlatformSupportModulesInManaged (6ms)
				SetLoadedEditorAssemblies (0ms)
				RefreshPlugins (258ms)
				BeforeProcessingInitializeOnLoad (246ms)
				ProcessInitializeOnLoadAttributes (634ms)
				ProcessInitializeOnLoadMethodAttributes (415ms)
				AfterProcessingInitializeOnLoad (14ms)
				EditorAssembliesLoaded (0ms)
			ExecutionOrderSort2 (0ms)
			AwakeInstancesAfterBackupRestoration (13ms)
Platform modules already initialized, skipping
========================================================================
Worker process is ready to serve import requests
Launched and connected shader compiler UnityShaderCompiler.exe after 0.24 seconds
Refreshing native plugins compatible for Editor in 2.36 ms, found 2 plugins.
Preloading 0 native plugins for Editor in 0.00 ms.
Unloading 4289 Unused Serialized files (Serialized files now loaded: 0)
System memory in use before: 201.0 MB.
System memory in use after: 201.2 MB.

Unloading 23 unused Assets to reduce memory usage. Loaded Objects now: 4750.
Total: 7.745600 ms (FindLiveObjects: 0.924000 ms CreateObjectMapping: 0.303000 ms MarkObjects: 6.388000 ms  DeleteObjects: 0.126900 ms)

AssetImportParameters requested are different than current active one (requested -> active):
  custom:framework-win-MediaFoundation: 216162199b28c13a410421893ffa2e32 -> 
  custom:video-decoder-ogg-theora: a1e56fd34408186e4bbccfd4996cb3dc -> 
  custom:container-muxer-webm: aa71ff27fc2769a1b78a27578f13a17b -> 
  custom:container-demuxer-webm: 4f35f7cbe854078d1ac9338744f61a02 -> 
  custom:container-demuxer-ogg: 62fdf1f143b41e24485cea50d1cbac27 -> 
  custom:video-encoder-webm-vp8: eb34c28f22e8b96e1ab97ce403110664 -> 
  custom:video-decoder-webm-vp8: 9c59270c3fd7afecdb556c50c9e8de78 -> 
  custom:audio-decoder-ogg-vorbis: bf7c407c2cedff20999df2af8eb42d56 -> 
  custom:audio-encoder-webm-vorbis: bf7c407c2cedff20999df2af8eb42d56 -> 
========================================================================
Received Import Request.
  path: Assets/MyPrefabs/DoorWall.prefab
  artifactKey: Guid(7445ac2b9b5ed28488f98a96bcd3d695) Importer(815301076,1909f56bfc062723c751e8b465ee728b)
Start importing Assets/MyPrefabs/DoorWall.prefab using Guid(7445ac2b9b5ed28488f98a96bcd3d695) Importer(815301076,1909f56bfc062723c751e8b465ee728b)  -> (artifact id: 'b3373de2c22337e49794ae018d260ac7') in 2.008020 seconds 
  Import took 2.059685 seconds .

AssetImportWorkerClient::OnTransportError - code=2 error=End of file
